<?xml version="1.0" encoding="UTF-8"?>
<!-- Generated by org.testng.reporters.JUnitReportReporter -->
<testsuite skipped="0" hostname="desktop-PC" name="googleTests.GoogleSigninTest" tests="3" failures="0" timestamp="19 Jan 2019 10:46:51 GMT" time="15.793" errors="0">
  <testcase name="loginToGoogle" time="8.649" classname="googleTests.GoogleSigninTest"/>
  <testcase name="signInForm" time="3.481" classname="googleTests.GoogleSigninTest"/>
  <testcase name="assertAccountLogged" time="3.663" classname="googleTests.GoogleSigninTest"/>
</testsuite> <!-- googleTests.GoogleSigninTest -->
