<?xml version="1.0" encoding="UTF-8"?>
<!-- Generated by org.testng.reporters.JUnitReportReporter -->
<testsuite skipped="0" hostname="ADMINRG-AQDTT84" name="googleTests.GoogleSigninTest" tests="3" failures="0" timestamp="18 jan 2019 00:31:06 GMT" time="19.536" errors="0">
  <testcase name="loginToGoogle" time="9.752" classname="googleTests.GoogleSigninTest"/>
  <testcase name="signInForm" time="3.973" classname="googleTests.GoogleSigninTest"/>
  <testcase name="assertAccountLogged" time="5.811" classname="googleTests.GoogleSigninTest"/>
</testsuite> <!-- googleTests.GoogleSigninTest -->
