<?xml version="1.0" encoding="UTF-8"?>
<!-- Generated by org.testng.reporters.JUnitReportReporter -->
<testsuite skipped="0" hostname="desktop-PC" name="googleTests.GoogleElementsPresenceTest" tests="1" failures="0" timestamp="18 Jan 2019 03:18:36 GMT" time="3.005" errors="0">
  <testcase name="pageElementsVerification" time="3.005" classname="googleTests.GoogleElementsPresenceTest"/>
</testsuite> <!-- googleTests.GoogleElementsPresenceTest -->
