<?xml version="1.0" encoding="UTF-8"?>
<!-- Generated by org.testng.reporters.JUnitReportReporter -->
<testsuite skipped="0" hostname="desktop-PC" name="googleTests.GoogleElementsPresenceTest" tests="1" failures="0" timestamp="19 Jan 2019 10:31:13 GMT" time="0.938" errors="0">
  <testcase name="pageElementsVerification" time="0.938" classname="googleTests.GoogleElementsPresenceTest"/>
</testsuite> <!-- googleTests.GoogleElementsPresenceTest -->
