<?xml version="1.0" encoding="UTF-8"?>
<!-- Generated by org.testng.reporters.JUnitReportReporter -->
<testsuite skipped="0" hostname="desktop-PC" name="googleTests.GoogleSearchTest" tests="1" failures="0" timestamp="19 Jan 2019 10:45:18 GMT" time="7.839" errors="0">
  <testcase name="searchFunctionality" time="7.839" classname="googleTests.GoogleSearchTest"/>
</testsuite> <!-- googleTests.GoogleSearchTest -->
