<?xml version="1.0" encoding="UTF-8"?>
<!-- Generated by org.testng.reporters.JUnitReportReporter -->
<testsuite skipped="0" hostname="desktop-PC" name="googleTests.GoogleElementsLabelsTest" tests="1" failures="0" timestamp="18 Jan 2019 03:13:48 GMT" time="0.863" errors="0">
  <testcase name="pageElementsLabels" time="0.863" classname="googleTests.GoogleElementsLabelsTest"/>
</testsuite> <!-- googleTests.GoogleElementsLabelsTest -->
